[0mparameter count: 761[0m	
[0minitial error before training = 31.300126430294[0m	
[0m# StochasticGradient: training[0m	
[0m# test error = 6.7822504007458[0m	
[0m# current error = 9.8495072123523[0m	
[0m# test error = 1.5179282075556[0m	
[0m# current error = 4.8608892398197[0m	
[0m# test error = 1.2167475640629[0m	
[0m# current error = 1.2112208980333[0m	
[0m# test error = 1.19737549329[0m	
[0m# current error = 1.1604834556926[0m	
[0m# test error = 1.1816820283328[0m	
[0m# current error = 1.1449224816385[0m	
[0m# test error = 1.1661444535597[0m	
[0m# current error = 1.1319412202903[0m	
[0m# test error = 0.93212766049004[0m	
[0m# current error = 0.99048611109257[0m	
[0m# test error = 0.80840941159434[0m	
[0m# current error = 0.8355401591759[0m	
[0m# test error = 0.77722547500809[0m	
[0m# current error = 0.7515312946212[0m	
[0m# test error = 0.76955233298586[0m	
[0m# current error = 0.73723889724603[0m	
[0m# test error = 0.75887511721194[0m	
[0m# current error = 0.72842849903077[0m	
[0m# test error = 0.74921949022923[0m	
[0m# current error = 0.71890807338401[0m	
[0m# test error = 0.74209411922868[0m	
[0m# current error = 0.71135777334861[0m	
[0m# test error = 0.72933358213646[0m	
[0m# current error = 0.70429046976507[0m	
[0m# test error = 0.70387636088691[0m	
[0m# current error = 0.68537540092565[0m	
[0m# test error = 0.68877689834533[0m	
[0m# current error = 0.66619005178197[0m	
[0m# test error = 0.67924810724008[0m	
[0m# current error = 0.65362890646079[0m	
[0m# test error = 0.67117276826724[0m	
[0m# current error = 0.644063470739[0m	
[0m# test error = 0.66518120377318[0m	
[0m# current error = 0.63662336242166[0m	
[0m# test error = 0.66090572346866[0m	
[0m# current error = 0.63153224571181[0m	
[0m# test error = 0.65750426824659[0m	
[0m# current error = 0.6279320138596[0m	
[0m# test error = 0.6540707912331[0m	
[0m# current error = 0.62502953801393[0m	
[0m# test error = 0.64899366400363[0m	
[0m# current error = 0.62202959783496[0m	
[0m# test error = 0.64261175960016[0m	
[0m# current error = 0.61842470208773[0m	
[0m# test error = 0.63820234195316[0m	
[0m# current error = 0.61531715082327[0m	
[0m# test error = 0.63517571854778[0m	
[0m# current error = 0.61249285557919[0m	
[0m# test error = 0.63266494451273[0m	
[0m# current error = 0.61006954685616[0m	
[0m# test error = 0.6304593652145[0m	
[0m# current error = 0.60800427674282[0m	
[0m# test error = 0.62856889348547[0m	
[0m# current error = 0.60625566707262[0m	
[0m# test error = 0.62689049991374[0m	
[0m# current error = 0.60475868640684[0m	
[0m# test error = 0.62531195484816[0m	
[0m# current error = 0.6034208833071[0m	
[0m# test error = 0.623757995465[0m	
[0m# current error = 0.60215895510072[0m	
[0m# test error = 0.62219320006504[0m	
[0m# current error = 0.60091150016156[0m	
[0m# test error = 0.62061069557939[0m	
[0m# current error = 0.59963864993065[0m	
[0m# test error = 0.61902193509912[0m	
[0m# current error = 0.59832186066728[0m	
[0m# test error = 0.61745290642446[0m	
[0m# current error = 0.59697405452391[0m	
[0m# test error = 0.61592986108444[0m	
[0m# current error = 0.59564468224874[0m	
[0m# test error = 0.61447253011973[0m	
[0m# current error = 0.59437773910588[0m	
[0m# test error = 0.61311691585912[0m	
[0m# current error = 0.59318308881407[0m	
[0m# test error = 0.6119013236245[0m	
[0m# current error = 0.5920568311247[0m	
[0m# test error = 0.6108489586007[0m	
[0m# current error = 0.59099099170787[0m	
[0m# test error = 0.60996678335705[0m	
[0m# current error = 0.58997361095972[0m	
[0m# test error = 0.60924981720617[0m	
[0m# current error = 0.58899184715253[0m	
[0m# test error = 0.60869056902187[0m	
[0m# current error = 0.58804125022851[0m	
[0m# test error = 0.60828888217783[0m	
[0m# current error = 0.58713540346374[0m	
[0m# test error = 0.60804360368153[0m	
[0m# current error = 0.58630065965822[0m	
[0m# test error = 0.60793228670933[0m	
[0m# current error = 0.58555580637764[0m	
[0m# test error = 0.60791232898304[0m	
[0m# current error = 0.58490191006708[0m	
[0m# test error = 0.60793924161651[0m	
[0m# current error = 0.58432930297107[0m	
[0m# test error = 0.60797908944459[0m	
[0m# current error = 0.58382580593881[0m	
[0m# StochasticGradient: you have reached the maximum number of iterations[0m	
[0m# training error = 0.58382580593881[0m	
