[0mparameter count: 761[0m	
[0minitial error before training = 32.513489052897[0m	
[0m# StochasticGradient: training[0m	
[0m# test error = 2.9027844527062[0m	
[0m# current error = 4.0874313706742[0m	
[0m# test error = 0.47835222497251[0m	
[0m# current error = 1.1281084362011[0m	
[0m# test error = 0.17136795108431[0m	
[0m# current error = 0.28303343386559[0m	
[0m# test error = 0.13639047921232[0m	
[0m# current error = 0.17033912131073[0m	
[0m# test error = 0.11817340047906[0m	
[0m# current error = 0.13821684093619[0m	
[0m# test error = 0.10398366323107[0m	
[0m# current error = 0.11819906619995[0m	
[0m# test error = 0.093038523007811[0m	
[0m# current error = 0.1034578962649[0m	
[0m# test error = 0.085442217694387[0m	
[0m# current error = 0.092511649040743[0m	
[0m# test error = 0.08088608335439[0m	
[0m# current error = 0.084703419026731[0m	
[0m# test error = 0.078371695732826[0m	
[0m# current error = 0.079240210413841[0m	
[0m# test error = 0.076961948868972[0m	
[0m# current error = 0.075307342381791[0m	
[0m# test error = 0.076088764969241[0m	
[0m# current error = 0.072341620401588[0m	
[0m# test error = 0.07546034505129[0m	
[0m# current error = 0.069996076458086[0m	
[0m# test error = 0.074934408993648[0m	
[0m# current error = 0.0680571688436[0m	
[0m# test error = 0.0744426725285[0m	
[0m# current error = 0.066391612144462[0m	
[0m# test error = 0.073953196701256[0m	
[0m# current error = 0.064915493984786[0m	
[0m# test error = 0.073451784455354[0m	
[0m# current error = 0.063575649806326[0m	
[0m# test error = 0.072932504834379[0m	
[0m# current error = 0.062337988386113[0m	
[0m# test error = 0.072393223410664[0m	
[0m# current error = 0.06118038355408[0m	
[0m# test error = 0.071834202939874[0m	
[0m# current error = 0.060088889830271[0m	
[0m# test error = 0.071257756470622[0m	
[0m# current error = 0.059055803383671[0m	
[0m# test error = 0.070667072407743[0m	
[0m# current error = 0.058077776758872[0m	
[0m# test error = 0.070064613830312[0m	
[0m# current error = 0.057153378046843[0m	
[0m# test error = 0.069451801518977[0m	
[0m# current error = 0.056281124073532[0m	
[0m# test error = 0.068829888842724[0m	
[0m# current error = 0.055458796087758[0m	
[0m# test error = 0.068200713295322[0m	
[0m# current error = 0.05468362881419[0m	
[0m# test error = 0.06756675458105[0m	
[0m# current error = 0.053952634077793[0m	
[0m# test error = 0.066930755006241[0m	
[0m# current error = 0.053262737794903[0m	
[0m# test error = 0.066295290909886[0m	
[0m# current error = 0.052610778566785[0m	
[0m# test error = 0.065662487602187[0m	
[0m# current error = 0.051993496584638[0m	
[0m# test error = 0.065033892174917[0m	
[0m# current error = 0.051407566104017[0m	
[0m# test error = 0.064410460484963[0m	
[0m# current error = 0.050849657775083[0m	
[0m# test error = 0.063792638308561[0m	
[0m# current error = 0.050316514347854[0m	
[0m# test error = 0.063180549836374[0m	
[0m# current error = 0.049805050487718[0m	
[0m# test error = 0.062574301582162[0m	
[0m# current error = 0.049312498425035[0m	
[0m# test error = 0.061974350221255[0m	
[0m# current error = 0.048836596407004[0m	
[0m# test error = 0.061381790273532[0m	
[0m# current error = 0.048375761686118[0m	
[0m# test error = 0.06079838384863[0m	
[0m# current error = 0.04792914310256[0m	
[0m# test error = 0.060226288691301[0m	
[0m# current error = 0.047496480217999[0m	
[0m# test error = 0.05966766507806[0m	
[0m# current error = 0.047077819571582[0m	
[0m# test error = 0.059124400970681[0m	
[0m# current error = 0.046673239274977[0m	
[0m# test error = 0.058598029277666[0m	
[0m# current error = 0.046282701204356[0m	
[0m# test error = 0.058089743933758[0m	
[0m# current error = 0.045906034768358[0m	
[0m# test error = 0.05760040299226[0m	
[0m# current error = 0.045542978220977[0m	
[0m# test error = 0.057130480814657[0m	
[0m# current error = 0.045193205749544[0m	
[0m# test error = 0.056680000820078[0m	
[0m# current error = 0.044856315235247[0m	
[0m# test error = 0.056248507508448[0m	
[0m# current error = 0.044531795763352[0m	
[0m# test error = 0.055835120421014[0m	
[0m# current error = 0.044219011120135[0m	
[0m# test error = 0.055438666097772[0m	
[0m# current error = 0.043917222819428[0m	
[0m# test error = 0.055057839682572[0m	
[0m# current error = 0.043625647460025[0m	
[0m# StochasticGradient: you have reached the maximum number of iterations[0m	
[0m# training error = 0.043625647460025[0m	
